<?xml version="1.0" encoding="utf-8" standalone="no"?>
<test-results xmlns:xsi="http://www.w3.org/2001/XMLSchema-instance" xsi:noNamespaceSchemaLocation="nunit_schema_2.5.xsd" name="Pester" total="4" errors="0" failures="4" not-run="0" inconclusive="0" ignored="0" skipped="0" invalid="0" date="2017-07-06" time="13:11:51">
  <environment user="robreed" machine-name="FLYEAGLESFLY" cwd="C:\Users\robreed\Documents\WindowsPowerShell\Projects\BaselineMangement\tests\unit" user-domain="NORTHAMERICA" platform="Microsoft Windows 10 Enterprise|C:\WINDOWS|\Device\Harddisk0\Partition2" nunit-version="2.5.8.0" os-version="10.0.15063" clr-version="4.0.30319.42000" />
  <culture-info current-culture="en-US" current-uiculture="en-US" />
  <test-suite type="Powershell" name="Pester" executed="True" result="Failure" success="False" time="0.8257" asserts="0">
    <results>
      <test-suite type="TestFixture" name="Error in C:\Users\robreed\Documents\WindowsPowerShell\Projects\BaselineMangement\tests\unit\Helpers\Functions.tests.ps1" executed="True" result="Failure" success="False" time="0.372" asserts="0" description="Error in C:\Users\robreed\Documents\WindowsPowerShell\Projects\BaselineMangement\tests\unit\Helpers\Functions.tests.ps1">
        <results>
          <test-case description="Error occurred in test script 'C:\Users\robreed\Documents\WindowsPowerShell\Projects\BaselineMangement\tests\unit\Helpers\Functions.tests.ps1'" name="Error in C:\Users\robreed\Documents\WindowsPowerShell\Projects\BaselineMangement\tests\unit\Helpers\Functions.tests.ps1.Error occurred in test script 'C:\Users\robreed\Documents\WindowsPowerShell\Projects\BaselineMangement\tests\unit\Helpers\Functions.tests.ps1'" time="0.372" asserts="0" success="False" result="Failure" executed="True">
            <failure>
              <message>Cannot bind argument to parameter 'Name' because it is null.</message>
              <stack-trace>at &lt;ScriptBlock&gt;, C:\Users\robreed\Documents\WindowsPowerShell\Projects\BaselineMangement\src\Helpers\Functions.ps1: line 11</stack-trace>
            </failure>
          </test-case>
        </results>
      </test-suite>
      <test-suite type="TestFixture" name="Error in C:\Users\robreed\Documents\WindowsPowerShell\Projects\BaselineMangement\tests\unit\Parsers\ASC\ASC.tests.ps1" executed="True" result="Failure" success="False" time="0.2742" asserts="0" description="Error in C:\Users\robreed\Documents\WindowsPowerShell\Projects\BaselineMangement\tests\unit\Parsers\ASC\ASC.tests.ps1">
        <results>
          <test-case description="Error occurred in test script 'C:\Users\robreed\Documents\WindowsPowerShell\Projects\BaselineMangement\tests\unit\Parsers\ASC\ASC.tests.ps1'" name="Error in C:\Users\robreed\Documents\WindowsPowerShell\Projects\BaselineMangement\tests\unit\Parsers\ASC\ASC.tests.ps1.Error occurred in test script 'C:\Users\robreed\Documents\WindowsPowerShell\Projects\BaselineMangement\tests\unit\Parsers\ASC\ASC.tests.ps1'" time="0.2742" asserts="0" success="False" result="Failure" executed="True">
            <failure>
              <message>Cannot bind argument to parameter 'Name' because it is null.</message>
              <stack-trace>at &lt;ScriptBlock&gt;, C:\Users\robreed\Documents\WindowsPowerShell\Projects\BaselineMangement\src\Helpers\Functions.ps1: line 11</stack-trace>
            </failure>
          </test-case>
        </results>
      </test-suite>
      <test-suite type="TestFixture" name="Error in C:\Users\robreed\Documents\WindowsPowerShell\Projects\BaselineMangement\tests\unit\Parsers\GPO\GPO.tests.ps1" executed="True" result="Failure" success="False" time="0.0769" asserts="0" description="Error in C:\Users\robreed\Documents\WindowsPowerShell\Projects\BaselineMangement\tests\unit\Parsers\GPO\GPO.tests.ps1">
        <results>
          <test-case description="Error occurred in test script 'C:\Users\robreed\Documents\WindowsPowerShell\Projects\BaselineMangement\tests\unit\Parsers\GPO\GPO.tests.ps1'" name="Error in C:\Users\robreed\Documents\WindowsPowerShell\Projects\BaselineMangement\tests\unit\Parsers\GPO\GPO.tests.ps1.Error occurred in test script 'C:\Users\robreed\Documents\WindowsPowerShell\Projects\BaselineMangement\tests\unit\Parsers\GPO\GPO.tests.ps1'" time="0.0769" asserts="0" success="False" result="Failure" executed="True">
            <failure>
              <message>Cannot bind argument to parameter 'Name' because it is null.</message>
              <stack-trace>at &lt;ScriptBlock&gt;, C:\Users\robreed\Documents\WindowsPowerShell\Projects\BaselineMangement\src\Helpers\Functions.ps1: line 11</stack-trace>
            </failure>
          </test-case>
        </results>
      </test-suite>
      <test-suite type="TestFixture" name="Error in C:\Users\robreed\Documents\WindowsPowerShell\Projects\BaselineMangement\tests\unit\Parsers\SCM\SCM.tests.ps1" executed="True" result="Failure" success="False" time="0.1026" asserts="0" description="Error in C:\Users\robreed\Documents\WindowsPowerShell\Projects\BaselineMangement\tests\unit\Parsers\SCM\SCM.tests.ps1">
        <results>
          <test-case description="Error occurred in test script 'C:\Users\robreed\Documents\WindowsPowerShell\Projects\BaselineMangement\tests\unit\Parsers\SCM\SCM.tests.ps1'" name="Error in C:\Users\robreed\Documents\WindowsPowerShell\Projects\BaselineMangement\tests\unit\Parsers\SCM\SCM.tests.ps1.Error occurred in test script 'C:\Users\robreed\Documents\WindowsPowerShell\Projects\BaselineMangement\tests\unit\Parsers\SCM\SCM.tests.ps1'" time="0.1026" asserts="0" success="False" result="Failure" executed="True">
            <failure>
              <message>Cannot bind argument to parameter 'Name' because it is null.</message>
              <stack-trace>at &lt;ScriptBlock&gt;, C:\Users\robreed\Documents\WindowsPowerShell\Projects\BaselineMangement\src\Helpers\Functions.ps1: line 11</stack-trace>
            </failure>
          </test-case>
        </results>
      </test-suite>
    </results>
  </test-suite>
</test-results>